[16-Jun-2016 09:10:47 America/Sao_Paulo] PHP Warning:  Missing argument 2 for ViewHelpers::linkTo(), called in /var/www/ecommerce_management/app/views/clients_pi/index.phtml on line 47 and defined in /var/www/ecommerce_management/core/views/view_helpers.php on line 44
[16-Jun-2016 09:10:47 America/Sao_Paulo] PHP Notice:  Undefined variable: name in /var/www/ecommerce_management/core/views/view_helpers.php on line 49
[16-Jun-2016 09:13:46 America/Sao_Paulo] PHP Warning:  Missing argument 2 for ViewHelpers::linkTo(), called in /var/www/ecommerce_management/app/views/clients_pi/index.phtml on line 47 and defined in /var/www/ecommerce_management/core/views/view_helpers.php on line 44
[16-Jun-2016 09:13:46 America/Sao_Paulo] PHP Notice:  Undefined variable: name in /var/www/ecommerce_management/core/views/view_helpers.php on line 49
[16-Jun-2016 09:16:00 America/Sao_Paulo] PHP Fatal error:  Call to a member function getEmployeeOrder() on null in /var/www/ecommerce_management/app/controllers/orders_controller.php on line 14
[16-Jun-2016 09:16:56 America/Sao_Paulo] PHP Fatal error:  Call to a member function getEmployeeOrder() on null in /var/www/ecommerce_management/app/controllers/orders_controller.php on line 14
[16-Jun-2016 09:21:13 America/Sao_Paulo] PHP Fatal error:  Call to a member function getId() on null in /var/www/ecommerce_management/app/views/products/show.phtml on line 13
[16-Jun-2016 09:22:40 America/Sao_Paulo] PHP Warning:  date() expects at least 1 parameter, 0 given in /var/www/ecommerce_management/app/models/client_pi.php on line 48
[16-Jun-2016 11:23:42 America/Sao_Paulo] PHP Fatal error:  Call to a member function delete() on null in /var/www/ecommerce_management/app/controllers/orders_controller.php on line 54
[16-Jun-2016 11:45:10 America/Sao_Paulo] PHP Warning:  Unterminated comment starting line 110 in /var/www/ecommerce_management/config/routes.php on line 110
[16-Jun-2016 11:45:46 America/Sao_Paulo] PHP Parse error:  syntax error, unexpected 'private' (T_PRIVATE), expecting '{' in /var/www/ecommerce_management/app/models/report.php on line 3
[16-Jun-2016 11:46:54 America/Sao_Paulo] PHP Notice:  Undefined property: ReportsController::$employee in /var/www/ecommerce_management/app/views/reports/index.phtml on line 23
[16-Jun-2016 11:46:54 America/Sao_Paulo] PHP Warning:  Invalid argument supplied for foreach() in /var/www/ecommerce_management/app/views/reports/index.phtml on line 23
[16-Jun-2016 11:47:27 America/Sao_Paulo] PHP Notice:  Undefined property: ReportsController::$employee in /var/www/ecommerce_management/app/views/reports/index.phtml on line 23
[16-Jun-2016 11:47:27 America/Sao_Paulo] PHP Warning:  Invalid argument supplied for foreach() in /var/www/ecommerce_management/app/views/reports/index.phtml on line 23
[16-Jun-2016 11:47:28 America/Sao_Paulo] PHP Notice:  Undefined property: ReportsController::$employee in /var/www/ecommerce_management/app/views/reports/index.phtml on line 23
[16-Jun-2016 11:47:28 America/Sao_Paulo] PHP Warning:  Invalid argument supplied for foreach() in /var/www/ecommerce_management/app/views/reports/index.phtml on line 23
[16-Jun-2016 11:47:57 America/Sao_Paulo] PHP Notice:  Undefined variable: client in /var/www/ecommerce_management/app/views/reports/index.phtml on line 30
[16-Jun-2016 11:47:57 America/Sao_Paulo] PHP Fatal error:  Call to a member function getId() on null in /var/www/ecommerce_management/app/views/reports/index.phtml on line 30
[16-Jun-2016 11:48:14 America/Sao_Paulo] PHP Notice:  Undefined variable: client in /var/www/ecommerce_management/app/views/reports/index.phtml on line 31
[16-Jun-2016 11:48:14 America/Sao_Paulo] PHP Fatal error:  Call to a member function getId() on null in /var/www/ecommerce_management/app/views/reports/index.phtml on line 31
[16-Jun-2016 11:50:54 America/Sao_Paulo] PHP Fatal error:  Call to undefined method Report::setValorTotal() in /var/www/ecommerce_management/core/models/base.php on line 70
[16-Jun-2016 11:52:36 America/Sao_Paulo] PHP Notice:  Undefined property: Report::$getEmployee in /var/www/ecommerce_management/app/views/reports/index.phtml on line 23
[16-Jun-2016 11:52:36 America/Sao_Paulo] PHP Fatal error:  Call to a member function getName() on null in /var/www/ecommerce_management/app/views/reports/index.phtml on line 23
[16-Jun-2016 12:31:26 America/Sao_Paulo] PHP Notice:  Undefined property: Report::$getEmployee in /var/www/ecommerce_management/app/views/reports/index.phtml on line 23
[16-Jun-2016 12:31:26 America/Sao_Paulo] PHP Fatal error:  Call to a member function getName() on null in /var/www/ecommerce_management/app/views/reports/index.phtml on line 23
[16-Jun-2016 12:41:07 America/Sao_Paulo] PHP Notice:  Undefined property: Report::$getEmployee in /var/www/ecommerce_management/app/views/reports/index.phtml on line 23
[16-Jun-2016 12:41:07 America/Sao_Paulo] PHP Fatal error:  Call to a member function getName() on null in /var/www/ecommerce_management/app/views/reports/index.phtml on line 23
[16-Jun-2016 12:41:08 America/Sao_Paulo] PHP Notice:  Undefined property: Report::$getEmployee in /var/www/ecommerce_management/app/views/reports/index.phtml on line 23
[16-Jun-2016 12:41:08 America/Sao_Paulo] PHP Fatal error:  Call to a member function getName() on null in /var/www/ecommerce_management/app/views/reports/index.phtml on line 23
[16-Jun-2016 12:41:09 America/Sao_Paulo] PHP Notice:  Undefined property: Report::$getEmployee in /var/www/ecommerce_management/app/views/reports/index.phtml on line 23
[16-Jun-2016 12:41:09 America/Sao_Paulo] PHP Fatal error:  Call to a member function getName() on null in /var/www/ecommerce_management/app/views/reports/index.phtml on line 23
[16-Jun-2016 12:41:09 America/Sao_Paulo] PHP Notice:  Undefined property: Report::$getEmployee in /var/www/ecommerce_management/app/views/reports/index.phtml on line 23
[16-Jun-2016 12:41:09 America/Sao_Paulo] PHP Fatal error:  Call to a member function getName() on null in /var/www/ecommerce_management/app/views/reports/index.phtml on line 23
[16-Jun-2016 12:41:09 America/Sao_Paulo] PHP Notice:  Undefined property: Report::$getEmployee in /var/www/ecommerce_management/app/views/reports/index.phtml on line 23
[16-Jun-2016 12:41:09 America/Sao_Paulo] PHP Fatal error:  Call to a member function getName() on null in /var/www/ecommerce_management/app/views/reports/index.phtml on line 23
[16-Jun-2016 12:44:05 America/Sao_Paulo] PHP Fatal error:  Call to undefined method Report::setCOUNT(orders.id)() in /var/www/ecommerce_management/core/models/base.php on line 70
[16-Jun-2016 12:44:36 America/Sao_Paulo] PHP Fatal error:  Call to undefined method Report::setCOUNT(orders.employeeid)() in /var/www/ecommerce_management/core/models/base.php on line 70
[16-Jun-2016 12:44:50 America/Sao_Paulo] PHP Fatal error:  Call to undefined method Report::setCOUNT(orders.employeeid)() in /var/www/ecommerce_management/core/models/base.php on line 70
[16-Jun-2016 12:46:10 America/Sao_Paulo] PHP Fatal error:  Call to undefined method Report::setAmount() in /var/www/ecommerce_management/core/models/base.php on line 70
[16-Jun-2016 12:59:16 America/Sao_Paulo] PHP Notice:  Undefined variable: row in /var/www/ecommerce_management/app/models/report.php on line 42
[16-Jun-2016 12:59:16 America/Sao_Paulo] PHP Notice:  Undefined variable: row in /var/www/ecommerce_management/app/models/report.php on line 43
[16-Jun-2016 12:59:16 America/Sao_Paulo] PHP Notice:  Undefined variable: row in /var/www/ecommerce_management/app/models/report.php on line 46
[16-Jun-2016 12:59:16 America/Sao_Paulo] PHP Notice:  Undefined variable: row in /var/www/ecommerce_management/app/models/report.php on line 47
[16-Jun-2016 12:59:16 America/Sao_Paulo] PHP Notice:  Undefined variable: row in /var/www/ecommerce_management/app/models/report.php on line 42
[16-Jun-2016 12:59:16 America/Sao_Paulo] PHP Notice:  Undefined variable: row in /var/www/ecommerce_management/app/models/report.php on line 43
[16-Jun-2016 12:59:16 America/Sao_Paulo] PHP Notice:  Undefined variable: row in /var/www/ecommerce_management/app/models/report.php on line 46
[16-Jun-2016 12:59:16 America/Sao_Paulo] PHP Notice:  Undefined variable: row in /var/www/ecommerce_management/app/models/report.php on line 47
[16-Jun-2016 12:59:16 America/Sao_Paulo] PHP Catchable fatal error:  Object of class Employee could not be converted to string in /var/www/ecommerce_management/app/views/reports/index.phtml on line 24
[16-Jun-2016 12:59:28 America/Sao_Paulo] PHP Notice:  Undefined index: amount in /var/www/ecommerce_management/app/models/report.php on line 42
[16-Jun-2016 12:59:28 America/Sao_Paulo] PHP Notice:  Undefined index: total in /var/www/ecommerce_management/app/models/report.php on line 43
[16-Jun-2016 12:59:28 America/Sao_Paulo] PHP Notice:  Undefined index: employee_name in /var/www/ecommerce_management/app/models/report.php on line 47
[16-Jun-2016 12:59:28 America/Sao_Paulo] PHP Notice:  Undefined index: amount in /var/www/ecommerce_management/app/models/report.php on line 42
[16-Jun-2016 12:59:28 America/Sao_Paulo] PHP Notice:  Undefined index: total in /var/www/ecommerce_management/app/models/report.php on line 43
[16-Jun-2016 12:59:28 America/Sao_Paulo] PHP Notice:  Undefined index: employee_name in /var/www/ecommerce_management/app/models/report.php on line 47
[16-Jun-2016 12:59:28 America/Sao_Paulo] PHP Catchable fatal error:  Object of class Employee could not be converted to string in /var/www/ecommerce_management/app/views/reports/index.phtml on line 24
[16-Jun-2016 12:59:38 America/Sao_Paulo] PHP Notice:  Undefined index: employee_name in /var/www/ecommerce_management/app/models/report.php on line 47
[16-Jun-2016 12:59:38 America/Sao_Paulo] PHP Notice:  Undefined index: employee_name in /var/www/ecommerce_management/app/models/report.php on line 47
[16-Jun-2016 12:59:38 America/Sao_Paulo] PHP Catchable fatal error:  Object of class Employee could not be converted to string in /var/www/ecommerce_management/app/views/reports/index.phtml on line 24
[16-Jun-2016 12:59:48 America/Sao_Paulo] PHP Catchable fatal error:  Object of class Employee could not be converted to string in /var/www/ecommerce_management/app/views/reports/index.phtml on line 24
[16-Jun-2016 13:06:48 America/Sao_Paulo] PHP Notice:  Undefined variable: employee in /var/www/ecommerce_management/app/models/report.php on line 112
[16-Jun-2016 13:06:48 America/Sao_Paulo] PHP Notice:  Undefined variable: employee in /var/www/ecommerce_management/app/models/report.php on line 112
[16-Jun-2016 13:06:48 America/Sao_Paulo] PHP Notice:  Undefined variable: employee in /var/www/ecommerce_management/app/models/report.php on line 112
[16-Jun-2016 13:06:48 America/Sao_Paulo] PHP Notice:  Undefined variable: employee in /var/www/ecommerce_management/app/models/report.php on line 112
[16-Jun-2016 13:06:48 America/Sao_Paulo] PHP Notice:  Undefined variable: employee in /var/www/ecommerce_management/app/models/report.php on line 112
[16-Jun-2016 13:06:48 America/Sao_Paulo] PHP Notice:  Undefined variable: employee in /var/www/ecommerce_management/app/models/report.php on line 112
[16-Jun-2016 13:06:48 America/Sao_Paulo] PHP Notice:  Undefined variable: employee in /var/www/ecommerce_management/app/models/report.php on line 112
[16-Jun-2016 13:06:48 America/Sao_Paulo] PHP Notice:  Undefined variable: employee in /var/www/ecommerce_management/app/models/report.php on line 112
[16-Jun-2016 13:06:48 America/Sao_Paulo] PHP Notice:  Undefined variable: employee in /var/www/ecommerce_management/app/models/report.php on line 112
[16-Jun-2016 13:06:48 America/Sao_Paulo] PHP Notice:  Undefined variable: employee in /var/www/ecommerce_management/app/models/report.php on line 112
[16-Jun-2016 13:06:48 America/Sao_Paulo] PHP Notice:  Undefined variable: employee in /var/www/ecommerce_management/app/models/report.php on line 112
[16-Jun-2016 13:06:48 America/Sao_Paulo] PHP Notice:  Undefined variable: employee in /var/www/ecommerce_management/app/models/report.php on line 112
[16-Jun-2016 13:06:48 America/Sao_Paulo] PHP Warning:  require(views/reports/indexProducts.phtml): failed to open stream: No such file or directory in /var/www/ecommerce_management/app/views/layout/application.phtml on line 39
[16-Jun-2016 13:06:48 America/Sao_Paulo] PHP Fatal error:  require(): Failed opening required 'views/reports/indexProducts.phtml' (include_path='.:/usr/share/php:/usr/share/pear:/var/www/ecommerce_management:/var/www/ecommerce_management/config/:/var/www/ecommerce_management/app/:/var/www/ecommerce_management/lib/:/var/www/ecommerce_management/vendor/') in /var/www/ecommerce_management/app/views/layout/application.phtml on line 39
[16-Jun-2016 13:08:01 America/Sao_Paulo] PHP Warning:  require(views/reports/indexProducts.phtml): failed to open stream: No such file or directory in /var/www/ecommerce_management/app/views/layout/application.phtml on line 39
[16-Jun-2016 13:08:01 America/Sao_Paulo] PHP Fatal error:  require(): Failed opening required 'views/reports/indexProducts.phtml' (include_path='.:/usr/share/php:/usr/share/pear:/var/www/ecommerce_management:/var/www/ecommerce_management/config/:/var/www/ecommerce_management/app/:/var/www/ecommerce_management/lib/:/var/www/ecommerce_management/vendor/') in /var/www/ecommerce_management/app/views/layout/application.phtml on line 39
[16-Jun-2016 13:19:54 America/Sao_Paulo] PHP Fatal error:  Uncaught exception 'PDOException' with message 'SQLSTATE[42S22]: Column not found: 1054 Unknown column 'product_price' in 'field list'' in /var/www/ecommerce_management/app/models/report.php:88
Stack trace:
#0 /var/www/ecommerce_management/app/models/report.php(88): PDOStatement->execute()
#1 /var/www/ecommerce_management/app/controllers/reports_controller.php(12): Report::bestSellingProducts()
#2 /var/www/ecommerce_management/core/routes/router.php(47): ReportsController->show()
#3 /var/www/ecommerce_management/core/routes/router.php(25): Router->find(Array)
#4 /var/www/ecommerce_management/config/routes.php(113): Router->load()
#5 {main}
  thrown in /var/www/ecommerce_management/app/models/report.php on line 88
[16-Jun-2016 13:20:11 America/Sao_Paulo] PHP Fatal error:  Uncaught exception 'PDOException' with message 'SQLSTATE[23000]: Integrity constraint violation: 1052 Column 'price' in field list is ambiguous' in /var/www/ecommerce_management/app/models/report.php:88
Stack trace:
#0 /var/www/ecommerce_management/app/models/report.php(88): PDOStatement->execute()
#1 /var/www/ecommerce_management/app/controllers/reports_controller.php(12): Report::bestSellingProducts()
#2 /var/www/ecommerce_management/core/routes/router.php(47): ReportsController->show()
#3 /var/www/ecommerce_management/core/routes/router.php(25): Router->find(Array)
#4 /var/www/ecommerce_management/config/routes.php(113): Router->load()
#5 {main}
  thrown in /var/www/ecommerce_management/app/models/report.php on line 88
[16-Jun-2016 13:20:25 America/Sao_Paulo] PHP Fatal error:  Uncaught exception 'PDOException' with message 'SQLSTATE[23000]: Integrity constraint violation: 1052 Column 'price' in field list is ambiguous' in /var/www/ecommerce_management/app/models/report.php:88
Stack trace:
#0 /var/www/ecommerce_management/app/models/report.php(88): PDOStatement->execute()
#1 /var/www/ecommerce_management/app/controllers/reports_controller.php(12): Report::bestSellingProducts()
#2 /var/www/ecommerce_management/core/routes/router.php(47): ReportsController->show()
#3 /var/www/ecommerce_management/core/routes/router.php(25): Router->find(Array)
#4 /var/www/ecommerce_management/config/routes.php(113): Router->load()
#5 {main}
  thrown in /var/www/ecommerce_management/app/models/report.php on line 88
[16-Jun-2016 13:20:45 America/Sao_Paulo] PHP Fatal error:  Uncaught exception 'PDOException' with message 'SQLSTATE[23000]: Integrity constraint violation: 1052 Column 'price' in field list is ambiguous' in /var/www/ecommerce_management/app/models/report.php:88
Stack trace:
#0 /var/www/ecommerce_management/app/models/report.php(88): PDOStatement->execute()
#1 /var/www/ecommerce_management/app/controllers/reports_controller.php(12): Report::bestSellingProducts()
#2 /var/www/ecommerce_management/core/routes/router.php(47): ReportsController->show()
#3 /var/www/ecommerce_management/core/routes/router.php(25): Router->find(Array)
#4 /var/www/ecommerce_management/config/routes.php(113): Router->load()
#5 {main}
  thrown in /var/www/ecommerce_management/app/models/report.php on line 88
[16-Jun-2016 13:20:58 America/Sao_Paulo] PHP Notice:  Undefined index: total in /var/www/ecommerce_management/app/models/report.php on line 117
[16-Jun-2016 13:20:58 America/Sao_Paulo] PHP Notice:  Undefined variable: Product in /var/www/ecommerce_management/app/models/report.php on line 122
[16-Jun-2016 13:20:58 America/Sao_Paulo] PHP Fatal error:  Call to a member function setPrice() on null in /var/www/ecommerce_management/app/models/report.php on line 122
[16-Jun-2016 13:21:12 America/Sao_Paulo] PHP Notice:  Undefined variable: Product in /var/www/ecommerce_management/app/models/report.php on line 120
[16-Jun-2016 13:21:12 America/Sao_Paulo] PHP Fatal error:  Call to a member function setPrice() on null in /var/www/ecommerce_management/app/models/report.php on line 120
[16-Jun-2016 13:40:49 America/Sao_Paulo] PHP Fatal error:  Uncaught exception 'PDOException' with message 'SQLSTATE[42000]: Syntax error or access violation: 1064 You have an error in your SQL syntax; check the manual that corresponds to your MySQL server version for the right syntax to use near ''ASC'' at line 11' in /var/www/ecommerce_management/app/models/report.php:88
Stack trace:
#0 /var/www/ecommerce_management/app/models/report.php(88): PDOStatement->execute(Array)
#1 /var/www/ecommerce_management/app/controllers/reports_controller.php(12): Report::statusSellingProducts('ASC')
#2 /var/www/ecommerce_management/core/routes/router.php(47): ReportsController->show()
#3 /var/www/ecommerce_management/core/routes/router.php(25): Router->find(Array)
#4 /var/www/ecommerce_management/config/routes.php(113): Router->load()
#5 {main}
  thrown in /var/www/ecommerce_management/app/models/report.php on line 88
[16-Jun-2016 13:41:03 America/Sao_Paulo] PHP Notice:  Use of undefined constant ASC - assumed 'ASC' in /var/www/ecommerce_management/app/controllers/reports_controller.php on line 12
[16-Jun-2016 13:41:03 America/Sao_Paulo] PHP Fatal error:  Uncaught exception 'PDOException' with message 'SQLSTATE[42000]: Syntax error or access violation: 1064 You have an error in your SQL syntax; check the manual that corresponds to your MySQL server version for the right syntax to use near ''ASC'' at line 11' in /var/www/ecommerce_management/app/models/report.php:88
Stack trace:
#0 /var/www/ecommerce_management/app/models/report.php(88): PDOStatement->execute(Array)
#1 /var/www/ecommerce_management/app/controllers/reports_controller.php(12): Report::statusSellingProducts('ASC')
#2 /var/www/ecommerce_management/core/routes/router.php(47): ReportsController->show()
#3 /var/www/ecommerce_management/core/routes/router.php(25): Router->find(Array)
#4 /var/www/ecommerce_management/config/routes.php(113): Router->load()
#5 {main}
  thrown in /var/www/ecommerce_management/app/models/report.php on line 88
[16-Jun-2016 13:41:21 America/Sao_Paulo] PHP Fatal error:  Uncaught exception 'PDOException' with message 'SQLSTATE[42000]: Syntax error or access violation: 1064 You have an error in your SQL syntax; check the manual that corresponds to your MySQL server version for the right syntax to use near ''ASC'' at line 11' in /var/www/ecommerce_management/app/models/report.php:88
Stack trace:
#0 /var/www/ecommerce_management/app/models/report.php(88): PDOStatement->execute(Array)
#1 /var/www/ecommerce_management/app/controllers/reports_controller.php(13): Report::statusSellingProducts('ASC')
#2 /var/www/ecommerce_management/core/routes/router.php(47): ReportsController->show()
#3 /var/www/ecommerce_management/core/routes/router.php(25): Router->find(Array)
#4 /var/www/ecommerce_management/config/routes.php(113): Router->load()
#5 {main}
  thrown in /var/www/ecommerce_management/app/models/report.php on line 88
[16-Jun-2016 13:41:34 America/Sao_Paulo] PHP Notice:  Use of undefined constant ASC - assumed 'ASC' in /var/www/ecommerce_management/app/controllers/reports_controller.php on line 12
[16-Jun-2016 13:41:34 America/Sao_Paulo] PHP Fatal error:  Uncaught exception 'PDOException' with message 'SQLSTATE[42000]: Syntax error or access violation: 1064 You have an error in your SQL syntax; check the manual that corresponds to your MySQL server version for the right syntax to use near ''ASC'' at line 11' in /var/www/ecommerce_management/app/models/report.php:88
Stack trace:
#0 /var/www/ecommerce_management/app/models/report.php(88): PDOStatement->execute(Array)
#1 /var/www/ecommerce_management/app/controllers/reports_controller.php(13): Report::statusSellingProducts('ASC')
#2 /var/www/ecommerce_management/core/routes/router.php(47): ReportsController->show()
#3 /var/www/ecommerce_management/core/routes/router.php(25): Router->find(Array)
#4 /var/www/ecommerce_management/config/routes.php(113): Router->load()
#5 {main}
  thrown in /var/www/ecommerce_management/app/models/report.php on line 88
[16-Jun-2016 13:41:37 America/Sao_Paulo] PHP Fatal error:  Uncaught exception 'PDOException' with message 'SQLSTATE[42000]: Syntax error or access violation: 1064 You have an error in your SQL syntax; check the manual that corresponds to your MySQL server version for the right syntax to use near ''ASC'' at line 11' in /var/www/ecommerce_management/app/models/report.php:88
Stack trace:
#0 /var/www/ecommerce_management/app/models/report.php(88): PDOStatement->execute(Array)
#1 /var/www/ecommerce_management/app/controllers/reports_controller.php(13): Report::statusSellingProducts('ASC')
#2 /var/www/ecommerce_management/core/routes/router.php(47): ReportsController->show()
#3 /var/www/ecommerce_management/core/routes/router.php(25): Router->find(Array)
#4 /var/www/ecommerce_management/config/routes.php(113): Router->load()
#5 {main}
  thrown in /var/www/ecommerce_management/app/models/report.php on line 88
[16-Jun-2016 13:42:22 America/Sao_Paulo] PHP Fatal error:  Uncaught exception 'PDOException' with message 'SQLSTATE[42000]: Syntax error or access violation: 1064 You have an error in your SQL syntax; check the manual that corresponds to your MySQL server version for the right syntax to use near ':= order' at line 11' in /var/www/ecommerce_management/app/models/report.php:89
Stack trace:
#0 /var/www/ecommerce_management/app/models/report.php(89): PDOStatement->execute(Array)
#1 /var/www/ecommerce_management/app/controllers/reports_controller.php(13): Report::statusSellingProducts('ASC')
#2 /var/www/ecommerce_management/core/routes/router.php(47): ReportsController->show()
#3 /var/www/ecommerce_management/core/routes/router.php(25): Router->find(Array)
#4 /var/www/ecommerce_management/config/routes.php(113): Router->load()
#5 {main}
  thrown in /var/www/ecommerce_management/app/models/report.php on line 89
[16-Jun-2016 14:00:26 America/Sao_Paulo] PHP Fatal error:  Uncaught exception 'PDOException' with message 'SQLSTATE[HY093]: Invalid parameter number: parameter was not defined' in /var/www/ecommerce_management/app/models/report.php:89
Stack trace:
#0 /var/www/ecommerce_management/app/models/report.php(89): PDOStatement->execute(Array)
#1 /var/www/ecommerce_management/app/controllers/reports_controller.php(13): Report::statusSellingProducts('ASC')
#2 /var/www/ecommerce_management/core/routes/router.php(47): ReportsController->show()
#3 /var/www/ecommerce_management/core/routes/router.php(25): Router->find(Array)
#4 /var/www/ecommerce_management/config/routes.php(113): Router->load()
#5 {main}
  thrown in /var/www/ecommerce_management/app/models/report.php on line 89
[16-Jun-2016 14:00:48 America/Sao_Paulo] PHP Fatal error:  Uncaught exception 'PDOException' with message 'SQLSTATE[42000]: Syntax error or access violation: 1064 You have an error in your SQL syntax; check the manual that corresponds to your MySQL server version for the right syntax to use near ''ASC'' at line 11' in /var/www/ecommerce_management/app/models/report.php:89
Stack trace:
#0 /var/www/ecommerce_management/app/models/report.php(89): PDOStatement->execute(Array)
#1 /var/www/ecommerce_management/app/controllers/reports_controller.php(13): Report::statusSellingProducts('ASC')
#2 /var/www/ecommerce_management/core/routes/router.php(47): ReportsController->show()
#3 /var/www/ecommerce_management/core/routes/router.php(25): Router->find(Array)
#4 /var/www/ecommerce_management/config/routes.php(113): Router->load()
#5 {main}
  thrown in /var/www/ecommerce_management/app/models/report.php on line 89
[16-Jun-2016 14:01:07 America/Sao_Paulo] PHP Fatal error:  Uncaught exception 'PDOException' with message 'SQLSTATE[42000]: Syntax error or access violation: 1064 You have an error in your SQL syntax; check the manual that corresponds to your MySQL server version for the right syntax to use near ''ASC'' at line 11' in /var/www/ecommerce_management/app/models/report.php:89
Stack trace:
#0 /var/www/ecommerce_management/app/models/report.php(89): PDOStatement->execute(Array)
#1 /var/www/ecommerce_management/app/controllers/reports_controller.php(13): Report::statusSellingProducts('ASC')
#2 /var/www/ecommerce_management/core/routes/router.php(47): ReportsController->show()
#3 /var/www/ecommerce_management/core/routes/router.php(25): Router->find(Array)
#4 /var/www/ecommerce_management/config/routes.php(113): Router->load()
#5 {main}
  thrown in /var/www/ecommerce_management/app/models/report.php on line 89
[16-Jun-2016 14:01:46 America/Sao_Paulo] PHP Warning:  Missing argument 1 for Report::statusSellingProducts(), called in /var/www/ecommerce_management/app/controllers/reports_controller.php on line 12 and defined in /var/www/ecommerce_management/app/models/report.php on line 73
[16-Jun-2016 14:13:43 America/Sao_Paulo] PHP Fatal error:  Call to undefined method ReportsController::show() in /var/www/ecommerce_management/core/routes/router.php on line 47
[16-Jun-2016 14:17:01 America/Sao_Paulo] PHP Parse error:  syntax error, unexpected ')' in /var/www/ecommerce_management/app/views/reports/_table_products.phtml on line 31
[16-Jun-2016 14:18:10 America/Sao_Paulo] PHP Fatal error:  Call to a member function getId() on null in /var/www/ecommerce_management/app/views/products/show.phtml on line 13
[16-Jun-2016 14:19:56 America/Sao_Paulo] PHP Fatal error:  Call to a member function getId() on null in /var/www/ecommerce_management/app/views/products/show.phtml on line 13
[16-Jun-2016 14:20:37 America/Sao_Paulo] PHP Fatal error:  Call to a member function getId() on null in /var/www/ecommerce_management/app/views/products/show.phtml on line 13
[16-Jun-2016 14:20:38 America/Sao_Paulo] PHP Fatal error:  Call to a member function getId() on null in /var/www/ecommerce_management/app/views/products/show.phtml on line 13
[16-Jun-2016 14:23:35 America/Sao_Paulo] PHP Fatal error:  Call to undefined method ReportsController::index() in /var/www/ecommerce_management/core/routes/router.php on line 47
[16-Jun-2016 14:46:53 America/Sao_Paulo] PHP Warning:  require(views/reports/bestproducts.phtml): failed to open stream: No such file or directory in /var/www/ecommerce_management/app/views/layout/application.phtml on line 39
[16-Jun-2016 14:46:53 America/Sao_Paulo] PHP Fatal error:  require(): Failed opening required 'views/reports/bestproducts.phtml' (include_path='.:/usr/share/php:/usr/share/pear:/var/www/ecommerce_management:/var/www/ecommerce_management/config/:/var/www/ecommerce_management/app/:/var/www/ecommerce_management/lib/:/var/www/ecommerce_management/vendor/') in /var/www/ecommerce_management/app/views/layout/application.phtml on line 39
[16-Jun-2016 14:52:26 America/Sao_Paulo] PHP Warning:  require(views/reports/bestproducts.phtml): failed to open stream: No such file or directory in /var/www/ecommerce_management/app/views/layout/application.phtml on line 39
[16-Jun-2016 14:52:26 America/Sao_Paulo] PHP Fatal error:  require(): Failed opening required 'views/reports/bestproducts.phtml' (include_path='.:/usr/share/php:/usr/share/pear:/var/www/ecommerce_management:/var/www/ecommerce_management/config/:/var/www/ecommerce_management/app/:/var/www/ecommerce_management/lib/:/var/www/ecommerce_management/vendor/') in /var/www/ecommerce_management/app/views/layout/application.phtml on line 39
[16-Jun-2016 14:53:04 America/Sao_Paulo] PHP Warning:  require(views/reports/bestproducts.phtml): failed to open stream: No such file or directory in /var/www/ecommerce_management/app/views/layout/application.phtml on line 39
[16-Jun-2016 14:53:04 America/Sao_Paulo] PHP Fatal error:  require(): Failed opening required 'views/reports/bestproducts.phtml' (include_path='.:/usr/share/php:/usr/share/pear:/var/www/ecommerce_management:/var/www/ecommerce_management/config/:/var/www/ecommerce_management/app/:/var/www/ecommerce_management/lib/:/var/www/ecommerce_management/vendor/') in /var/www/ecommerce_management/app/views/layout/application.phtml on line 39
[16-Jun-2016 14:53:29 America/Sao_Paulo] PHP Warning:  require(views/reports/bestproducts.phtml): failed to open stream: No such file or directory in /var/www/ecommerce_management/app/views/layout/application.phtml on line 39
[16-Jun-2016 14:53:29 America/Sao_Paulo] PHP Fatal error:  require(): Failed opening required 'views/reports/bestproducts.phtml' (include_path='.:/usr/share/php:/usr/share/pear:/var/www/ecommerce_management:/var/www/ecommerce_management/config/:/var/www/ecommerce_management/app/:/var/www/ecommerce_management/lib/:/var/www/ecommerce_management/vendor/') in /var/www/ecommerce_management/app/views/layout/application.phtml on line 39
[16-Jun-2016 14:53:30 America/Sao_Paulo] PHP Warning:  require(views/reports/bestproducts.phtml): failed to open stream: No such file or directory in /var/www/ecommerce_management/app/views/layout/application.phtml on line 39
[16-Jun-2016 14:53:30 America/Sao_Paulo] PHP Fatal error:  require(): Failed opening required 'views/reports/bestproducts.phtml' (include_path='.:/usr/share/php:/usr/share/pear:/var/www/ecommerce_management:/var/www/ecommerce_management/config/:/var/www/ecommerce_management/app/:/var/www/ecommerce_management/lib/:/var/www/ecommerce_management/vendor/') in /var/www/ecommerce_management/app/views/layout/application.phtml on line 39
[16-Jun-2016 14:54:19 America/Sao_Paulo] PHP Warning:  require(views/reports/bestproducts.phtml): failed to open stream: No such file or directory in /var/www/ecommerce_management/app/views/layout/application.phtml on line 39
[16-Jun-2016 14:54:19 America/Sao_Paulo] PHP Fatal error:  require(): Failed opening required 'views/reports/bestproducts.phtml' (include_path='.:/usr/share/php:/usr/share/pear:/var/www/ecommerce_management:/var/www/ecommerce_management/config/:/var/www/ecommerce_management/app/:/var/www/ecommerce_management/lib/:/var/www/ecommerce_management/vendor/') in /var/www/ecommerce_management/app/views/layout/application.phtml on line 39
[16-Jun-2016 14:54:20 America/Sao_Paulo] PHP Warning:  require(views/reports/bestproducts.phtml): failed to open stream: No such file or directory in /var/www/ecommerce_management/app/views/layout/application.phtml on line 39
[16-Jun-2016 14:54:20 America/Sao_Paulo] PHP Fatal error:  require(): Failed opening required 'views/reports/bestproducts.phtml' (include_path='.:/usr/share/php:/usr/share/pear:/var/www/ecommerce_management:/var/www/ecommerce_management/config/:/var/www/ecommerce_management/app/:/var/www/ecommerce_management/lib/:/var/www/ecommerce_management/vendor/') in /var/www/ecommerce_management/app/views/layout/application.phtml on line 39
[16-Jun-2016 14:54:43 America/Sao_Paulo] PHP Warning:  require(views/reports/bestproducts.phtml): failed to open stream: No such file or directory in /var/www/ecommerce_management/app/views/layout/application.phtml on line 39
[16-Jun-2016 14:54:43 America/Sao_Paulo] PHP Fatal error:  require(): Failed opening required 'views/reports/bestproducts.phtml' (include_path='.:/usr/share/php:/usr/share/pear:/var/www/ecommerce_management:/var/www/ecommerce_management/config/:/var/www/ecommerce_management/app/:/var/www/ecommerce_management/lib/:/var/www/ecommerce_management/vendor/') in /var/www/ecommerce_management/app/views/layout/application.phtml on line 39
[16-Jun-2016 14:54:44 America/Sao_Paulo] PHP Warning:  require(views/reports/bestproducts.phtml): failed to open stream: No such file or directory in /var/www/ecommerce_management/app/views/layout/application.phtml on line 39
[16-Jun-2016 14:54:44 America/Sao_Paulo] PHP Fatal error:  require(): Failed opening required 'views/reports/bestproducts.phtml' (include_path='.:/usr/share/php:/usr/share/pear:/var/www/ecommerce_management:/var/www/ecommerce_management/config/:/var/www/ecommerce_management/app/:/var/www/ecommerce_management/lib/:/var/www/ecommerce_management/vendor/') in /var/www/ecommerce_management/app/views/layout/application.phtml on line 39
[16-Jun-2016 14:54:46 America/Sao_Paulo] PHP Warning:  require(views/reports/bestproducts.phtml): failed to open stream: No such file or directory in /var/www/ecommerce_management/app/views/layout/application.phtml on line 39
[16-Jun-2016 14:54:46 America/Sao_Paulo] PHP Fatal error:  require(): Failed opening required 'views/reports/bestproducts.phtml' (include_path='.:/usr/share/php:/usr/share/pear:/var/www/ecommerce_management:/var/www/ecommerce_management/config/:/var/www/ecommerce_management/app/:/var/www/ecommerce_management/lib/:/var/www/ecommerce_management/vendor/') in /var/www/ecommerce_management/app/views/layout/application.phtml on line 39
[16-Jun-2016 14:54:51 America/Sao_Paulo] PHP Notice:  Undefined variable: view in /var/www/ecommerce_management/core/controllers/base_controller.php on line 73
[16-Jun-2016 14:59:02 America/Sao_Paulo] PHP Warning:  require(views/reports/bestProducts.phtml): failed to open stream: No such file or directory in /var/www/ecommerce_management/app/views/layout/application.phtml on line 39
[16-Jun-2016 14:59:02 America/Sao_Paulo] PHP Fatal error:  require(): Failed opening required 'views/reports/bestProducts.phtml' (include_path='.:/usr/share/php:/usr/share/pear:/var/www/ecommerce_management:/var/www/ecommerce_management/config/:/var/www/ecommerce_management/app/:/var/www/ecommerce_management/lib/:/var/www/ecommerce_management/vendor/') in /var/www/ecommerce_management/app/views/layout/application.phtml on line 39
[16-Jun-2016 15:00:56 America/Sao_Paulo] PHP Fatal error:  Call to undefined method ReportsController::best_products() in /var/www/ecommerce_management/core/routes/router.php on line 48
[16-Jun-2016 15:01:28 America/Sao_Paulo] PHP Warning:  require(views/reports/bestProducts.phtml): failed to open stream: No such file or directory in /var/www/ecommerce_management/app/views/layout/application.phtml on line 39
[16-Jun-2016 15:01:28 America/Sao_Paulo] PHP Fatal error:  require(): Failed opening required 'views/reports/bestProducts.phtml' (include_path='.:/usr/share/php:/usr/share/pear:/var/www/ecommerce_management:/var/www/ecommerce_management/config/:/var/www/ecommerce_management/app/:/var/www/ecommerce_management/lib/:/var/www/ecommerce_management/vendor/') in /var/www/ecommerce_management/app/views/layout/application.phtml on line 39
[16-Jun-2016 15:02:45 America/Sao_Paulo] PHP Warning:  require(views/reports/.phtml): failed to open stream: No such file or directory in /var/www/ecommerce_management/app/views/layout/application.phtml on line 39
[16-Jun-2016 15:02:45 America/Sao_Paulo] PHP Fatal error:  require(): Failed opening required 'views/reports/.phtml' (include_path='.:/usr/share/php:/usr/share/pear:/var/www/ecommerce_management:/var/www/ecommerce_management/config/:/var/www/ecommerce_management/app/:/var/www/ecommerce_management/lib/:/var/www/ecommerce_management/vendor/') in /var/www/ecommerce_management/app/views/layout/application.phtml on line 39
[16-Jun-2016 15:49:40 America/Sao_Paulo] PHP Fatal error:  Call to a member function getId() on null in /var/www/ecommerce_management/app/views/products/show.phtml on line 13
[16-Jun-2016 18:55:15 America/Sao_Paulo] PHP Parse error:  syntax error, unexpected ''Pedidos abertos'' (T_CONSTANT_ENCAPSED_STRING) in /var/www/ecommerce_management/app/views/orders/index.phtml on line 43
[16-Jun-2016 19:12:09 America/Sao_Paulo] PHP Fatal error:  Call to undefined method OrdersController::indexOrderClose() in /var/www/ecommerce_management/core/routes/router.php on line 47
[16-Jun-2016 19:14:25 America/Sao_Paulo] PHP Fatal error:  Call to undefined method OrdersController::indexOrderClose() in /var/www/ecommerce_management/core/routes/router.php on line 47
[16-Jun-2016 19:15:23 America/Sao_Paulo] PHP Warning:  require(views/orders/index_order_close.phtml): failed to open stream: No such file or directory in /var/www/ecommerce_management/app/views/layout/application.phtml on line 39
[16-Jun-2016 19:15:23 America/Sao_Paulo] PHP Fatal error:  require(): Failed opening required 'views/orders/index_order_close.phtml' (include_path='.:/usr/share/php:/usr/share/pear:/var/www/ecommerce_management:/var/www/ecommerce_management/config/:/var/www/ecommerce_management/app/:/var/www/ecommerce_management/lib/:/var/www/ecommerce_management/vendor/') in /var/www/ecommerce_management/app/views/layout/application.phtml on line 39
[16-Jun-2016 19:38:52 America/Sao_Paulo] PHP Fatal error:  Call to a member function addProduct() on null in /var/www/ecommerce_management/app/controllers/sell_orders_controller.php on line 18
[16-Jun-2016 19:45:29 America/Sao_Paulo] PHP Fatal error:  Call to undefined function createobjects() in /var/www/ecommerce_management/app/controllers/orders_controller.php on line 86
[16-Jun-2016 19:45:38 America/Sao_Paulo] PHP Notice:  Undefined variable: productId in /var/www/ecommerce_management/app/controllers/orders_controller.php on line 97
[16-Jun-2016 19:45:38 America/Sao_Paulo] PHP Fatal error:  Uncaught exception 'PDOException' with message 'SQLSTATE[23000]: Integrity constraint violation: 1048 Column 'price' cannot be null' in /var/www/ecommerce_management/app/models/order.php:167
Stack trace:
#0 /var/www/ecommerce_management/app/models/order.php(167): PDOStatement->execute(Array)
#1 /var/www/ecommerce_management/app/controllers/orders_controller.php(97): Order->addProduct(NULL)
#2 /var/www/ecommerce_management/core/routes/router.php(47): OrdersController->addOrderProduct()
#3 /var/www/ecommerce_management/core/routes/router.php(23): Router->find(Array)
#4 /var/www/ecommerce_management/config/routes.php(116): Router->load()
#5 {main}
  thrown in /var/www/ecommerce_management/app/models/order.php on line 167
[16-Jun-2016 19:47:41 America/Sao_Paulo] PHP Fatal error:  Call to a member function addProduct() on null in /var/www/ecommerce_management/app/controllers/sell_orders_controller.php on line 21
[16-Jun-2016 19:54:18 America/Sao_Paulo] PHP Fatal error:  Uncaught exception 'PDOException' with message 'SQLSTATE[23000]: Integrity constraint violation: 1451 Cannot delete or update a parent row: a foreign key constraint fails (`ecommerce_management`.`sell_orders_items`, CONSTRAINT `sell_orders_items_ibfk_1` FOREIGN KEY (`order_id`) REFERENCES `orders` (`id`))' in /var/www/ecommerce_management/core/models/base.php:90
Stack trace:
#0 /var/www/ecommerce_management/core/models/base.php(90): PDOStatement->execute(Array)
#1 /var/www/ecommerce_management/app/controllers/orders_controller.php(66): Base->delete('orders')
#2 /var/www/ecommerce_management/core/routes/router.php(47): OrdersController->destroy()
#3 /var/www/ecommerce_management/core/routes/router.php(25): Router->find(Array)
#4 /var/www/ecommerce_management/config/routes.php(116): Router->load()
#5 {main}
  thrown in /var/www/ecommerce_management/core/models/base.php on line 90
[16-Jun-2016 23:15:02 America/Sao_Paulo] PHP Fatal error:  Call to a member function getId() on null in /var/www/ecommerce_management/app/controllers/clients_pi_controller.php on line 51
[16-Jun-2016 23:15:08 America/Sao_Paulo] PHP Fatal error:  Call to a member function getId() on null in /var/www/ecommerce_management/app/controllers/clients_pi_controller.php on line 51
[16-Jun-2016 23:15:10 America/Sao_Paulo] PHP Fatal error:  Call to a member function getId() on null in /var/www/ecommerce_management/app/controllers/clients_pi_controller.php on line 51
[16-Jun-2016 23:15:12 America/Sao_Paulo] PHP Fatal error:  Call to a member function getId() on null in /var/www/ecommerce_management/app/controllers/clients_pi_controller.php on line 51
[16-Jun-2016 23:30:59 America/Sao_Paulo] PHP Parse error:  syntax error, unexpected 'if' (T_IF) in /var/www/ecommerce_management/app/controllers/products_controller.php on line 7
[16-Jun-2016 23:31:01 America/Sao_Paulo] PHP Parse error:  syntax error, unexpected 'if' (T_IF) in /var/www/ecommerce_management/app/controllers/products_controller.php on line 7
[16-Jun-2016 23:31:19 America/Sao_Paulo] PHP Parse error:  syntax error, unexpected 'if' (T_IF) in /var/www/ecommerce_management/app/controllers/products_controller.php on line 7
[16-Jun-2016 23:31:30 America/Sao_Paulo] PHP Parse error:  syntax error, unexpected 'if' (T_IF) in /var/www/ecommerce_management/app/controllers/products_controller.php on line 7
[16-Jun-2016 23:31:31 America/Sao_Paulo] PHP Parse error:  syntax error, unexpected 'if' (T_IF) in /var/www/ecommerce_management/app/controllers/products_controller.php on line 7
[16-Jun-2016 23:31:31 America/Sao_Paulo] PHP Parse error:  syntax error, unexpected 'if' (T_IF) in /var/www/ecommerce_management/app/controllers/products_controller.php on line 7
[16-Jun-2016 23:31:54 America/Sao_Paulo] PHP Parse error:  syntax error, unexpected ')' in /var/www/ecommerce_management/app/controllers/products_controller.php on line 7
[16-Jun-2016 23:31:58 America/Sao_Paulo] PHP Notice:  Undefined index: product in /var/www/ecommerce_management/app/controllers/products_controller.php on line 7
[16-Jun-2016 23:31:59 America/Sao_Paulo] PHP Notice:  Undefined index: product in /var/www/ecommerce_management/app/controllers/products_controller.php on line 7
[16-Jun-2016 23:32:08 America/Sao_Paulo] PHP Notice:  Undefined index: product in /var/www/ecommerce_management/app/controllers/products_controller.php on line 7
[16-Jun-2016 23:33:37 America/Sao_Paulo] PHP Notice:  Undefined index: product in /var/www/ecommerce_management/app/controllers/products_controller.php on line 7
[16-Jun-2016 23:44:21 America/Sao_Paulo] PHP Notice:  Undefined property: ProductsController::$url in /var/www/ecommerce_management/app/views/products/index.phtml on line 11
[16-Jun-2016 23:44:21 America/Sao_Paulo] PHP Notice:  Undefined property: ProductsController::$link in /var/www/ecommerce_management/app/views/products/index.phtml on line 11
[16-Jun-2016 23:44:34 America/Sao_Paulo] PHP Notice:  Undefined property: ProductsController::$url in /var/www/ecommerce_management/app/views/products/index.phtml on line 11
[16-Jun-2016 23:44:34 America/Sao_Paulo] PHP Notice:  Undefined property: ProductsController::$link in /var/www/ecommerce_management/app/views/products/index.phtml on line 11
[16-Jun-2016 23:59:21 America/Sao_Paulo] PHP Parse error:  syntax error, unexpected '}', expecting identifier (T_STRING) or variable (T_VARIABLE) or '{' or '$' in /var/www/ecommerce_management/app/controllers/products_controller.php on line 13
[17-Jun-2016 00:10:32 America/Sao_Paulo] PHP Warning:  date() expects at least 1 parameter, 0 given in /var/www/ecommerce_management/app/models/client_pi.php on line 48
[17-Jun-2016 00:11:48 America/Sao_Paulo] PHP Fatal error:  Call to undefined method ReportsController::indexBestSellingProducts() in /var/www/ecommerce_management/core/routes/router.php on line 47
[17-Jun-2016 00:27:15 America/Sao_Paulo] PHP Notice:  Undefined property: Product::$getname in /var/www/ecommerce_management/core/models/base.php on line 78
[17-Jun-2016 00:28:30 America/Sao_Paulo] PHP Notice:  Undefined property: Product::$getname in /var/www/ecommerce_management/core/models/base.php on line 78
[17-Jun-2016 00:28:39 America/Sao_Paulo] PHP Notice:  Undefined property: Product::$getname in /var/www/ecommerce_management/core/models/base.php on line 78
[17-Jun-2016 00:29:16 America/Sao_Paulo] PHP Notice:  Undefined property: Product::$getname in /var/www/ecommerce_management/core/models/base.php on line 78
[17-Jun-2016 00:29:24 America/Sao_Paulo] PHP Notice:  Undefined property: Product::$getname in /var/www/ecommerce_management/core/models/base.php on line 78
[17-Jun-2016 00:29:30 America/Sao_Paulo] PHP Notice:  Undefined property: Product::$getname in /var/www/ecommerce_management/core/models/base.php on line 78
[17-Jun-2016 00:29:34 America/Sao_Paulo] PHP Notice:  Undefined property: Product::$getname in /var/www/ecommerce_management/core/models/base.php on line 78
[17-Jun-2016 00:30:00 America/Sao_Paulo] PHP Notice:  Undefined property: Product::$getname in /var/www/ecommerce_management/core/models/base.php on line 78
[17-Jun-2016 00:30:08 America/Sao_Paulo] PHP Notice:  Undefined property: Product::$getname in /var/www/ecommerce_management/core/models/base.php on line 78
[17-Jun-2016 00:30:20 America/Sao_Paulo] PHP Notice:  Undefined property: Product::$getname in /var/www/ecommerce_management/core/models/base.php on line 78
[17-Jun-2016 00:30:23 America/Sao_Paulo] PHP Notice:  Undefined property: Product::$getname in /var/www/ecommerce_management/core/models/base.php on line 78
[17-Jun-2016 00:32:00 America/Sao_Paulo] PHP Notice:  Undefined property: Product::$getname in /var/www/ecommerce_management/core/models/base.php on line 78
[17-Jun-2016 00:32:07 America/Sao_Paulo] PHP Notice:  Undefined property: Product::$getname in /var/www/ecommerce_management/core/models/base.php on line 78
[17-Jun-2016 00:32:14 America/Sao_Paulo] PHP Notice:  Undefined property: Product::$getname in /var/www/ecommerce_management/core/models/base.php on line 78
[17-Jun-2016 00:33:48 America/Sao_Paulo] PHP Notice:  Undefined property: Product::$getname in /var/www/ecommerce_management/core/models/base.php on line 78
[17-Jun-2016 00:34:28 America/Sao_Paulo] PHP Notice:  Undefined property: Product::$getname in /var/www/ecommerce_management/core/models/base.php on line 78
[17-Jun-2016 00:34:31 America/Sao_Paulo] PHP Notice:  Undefined property: Product::$getname in /var/www/ecommerce_management/core/models/base.php on line 78
[17-Jun-2016 00:36:35 America/Sao_Paulo] PHP Notice:  Undefined property: Product::$getname in /var/www/ecommerce_management/core/models/base.php on line 78
[17-Jun-2016 00:37:36 America/Sao_Paulo] PHP Parse error:  syntax error, unexpected ')' in /var/www/ecommerce_management/app/controllers/products_controller.php on line 48
[17-Jun-2016 00:37:40 America/Sao_Paulo] PHP Parse error:  syntax error, unexpected ';' in /var/www/ecommerce_management/app/controllers/products_controller.php on line 47
[17-Jun-2016 00:37:48 America/Sao_Paulo] PHP Parse error:  syntax error, unexpected ')' in /var/www/ecommerce_management/app/controllers/products_controller.php on line 48
[17-Jun-2016 00:37:58 America/Sao_Paulo] PHP Notice:  Undefined property: Product::$getname in /var/www/ecommerce_management/core/models/base.php on line 78
[17-Jun-2016 00:38:40 America/Sao_Paulo] PHP Notice:  Undefined property: Product::$getname in /var/www/ecommerce_management/core/models/base.php on line 78
[17-Jun-2016 00:39:43 America/Sao_Paulo] PHP Notice:  Undefined property: Product::$getname in /var/www/ecommerce_management/core/models/base.php on line 78
[17-Jun-2016 00:41:26 America/Sao_Paulo] PHP Fatal error:  Call to undefined method ActiveSupport::snakeToCamelCase() in /var/www/ecommerce_management/core/models/base.php on line 78
[17-Jun-2016 00:42:55 America/Sao_Paulo] PHP Notice:  Undefined property: Product::$getname in /var/www/ecommerce_management/core/models/base.php on line 79
[17-Jun-2016 00:44:16 America/Sao_Paulo] PHP Notice:  Undefined property: Product::$getname in /var/www/ecommerce_management/core/models/base.php on line 79
[17-Jun-2016 00:44:32 America/Sao_Paulo] PHP Notice:  Undefined property: Product::$getname in /var/www/ecommerce_management/core/models/base.php on line 79
[17-Jun-2016 00:46:58 America/Sao_Paulo] PHP Notice:  Undefined property: Product::$GetName in /var/www/ecommerce_management/core/models/base.php on line 79
[17-Jun-2016 00:48:04 America/Sao_Paulo] PHP Notice:  Undefined property: Product::$getName in /var/www/ecommerce_management/core/models/base.php on line 79
[17-Jun-2016 00:54:49 America/Sao_Paulo] PHP Parse error:  syntax error, unexpected 'public' (T_PUBLIC) in /var/www/ecommerce_management/lib/validations.php on line 36
[17-Jun-2016 00:55:26 America/Sao_Paulo] PHP Parse error:  syntax error, unexpected '{' in /var/www/ecommerce_management/lib/validations.php on line 27
[17-Jun-2016 00:55:34 America/Sao_Paulo] PHP Parse error:  syntax error, unexpected 'return' (T_RETURN) in /var/www/ecommerce_management/lib/validations.php on line 28
[17-Jun-2016 00:55:52 America/Sao_Paulo] PHP Parse error:  syntax error, unexpected 'return' (T_RETURN) in /var/www/ecommerce_management/lib/validations.php on line 28
[17-Jun-2016 00:56:16 America/Sao_Paulo] PHP Parse error:  syntax error, unexpected 'return' (T_RETURN) in /var/www/ecommerce_management/lib/validations.php on line 28
